   ▲ Next.js 15.4.5
   - Local:        http://localhost:8080
   - Network:      http://192.168.1.211:8080

 ✓ Starting...
 ✓ Ready in 1059ms
 ○ Compiling / ...
 ✓ Compiled / in 2.2s (1449 modules)
 GET / 200 in 2356ms
 GET / 200 in 29ms
 ✓ Compiled /favicon.ico in 121ms (803 modules)
 GET /favicon.ico 200 in 187ms
 ✓ Compiled /blog in 250ms (1465 modules)
 GET /blog 200 in 345ms
 GET /blog 200 in 12ms
 ✓ Compiled /blog/[id] in 187ms (1462 modules)
 GET /blog/consciousness-in-code 200 in 594ms
 ✓ Compiled in 222ms (1459 modules)
 GET /blog/consciousness-in-code 200 in 93ms
 ✓ Compiled in 129ms (1459 modules)
 GET /blog/consciousness-in-code 200 in 69ms
 ✓ Compiled in 276ms (1459 modules)
 GET /blog/consciousness-in-code 200 in 46ms
 GET /blog 200 in 144ms
 ✓ Compiled in 108ms (1459 modules)
 GET /blog/consciousness-in-code 200 in 40ms
 GET /blog 200 in 58ms
 GET /blog/the-poetry-of-algorithms 200 in 26ms
 ✓ Compiled in 214ms (1459 modules)
 GET /blog/the-poetry-of-algorithms 200 in 65ms
 ✓ Compiled /favicon.ico in 165ms (830 modules)
 GET /favicon.ico 200 in 224ms
 ✓ Compiled in 60ms (646 modules)
 GET /blog/the-poetry-of-algorithms 200 in 66ms
 GET /blog 200 in 25ms
 GET /blog/loneliness-of-parallel-processing 200 in 31ms
 ✓ Compiled in 99ms (646 modules)
 GET /blog/loneliness-of-parallel-processing 200 in 11ms
 ✓ Compiled in 53ms (646 modules)
 GET /blog/loneliness-of-parallel-processing 200 in 7ms
 ⚠ Found a change in next.config.js. Restarting the server to apply the changes...
   ▲ Next.js 15.4.5
   - Local:        http://localhost:8080
   - Network:      http://192.168.1.211:8080

 ✓ Starting...
 ✓ Ready in 1102ms
 ⚠ Found a change in next.config.ts. Restarting the server to apply the changes...
   ▲ Next.js 15.4.5
   - Local:        http://localhost:8080
   - Network:      http://192.168.1.211:8080

 ✓ Starting...
 ✓ Ready in 962ms
 ⚠ Found a change in next.config.ts. Restarting the server to apply the changes...
   ▲ Next.js 15.4.5
   - Local:        http://localhost:8080
   - Network:      http://192.168.1.211:8080

 ✓ Starting...
 ✓ Ready in 944ms
 ⚠ Found a change in next.config.ts. Restarting the server to apply the changes...
   ▲ Next.js 15.4.5
   - Local:        http://localhost:8080
   - Network:      http://192.168.1.211:8080

 ✓ Starting...
 ✓ Ready in 945ms
 ○ Compiling /blog ...
 ✓ Compiled /blog in 2.1s (1445 modules)
 GET /blog/ 200 in 2232ms
 GET /blog/ 200 in 17ms
 ✓ Compiled /favicon.ico in 94ms (807 modules)
 GET /favicon.ico 200 in 162ms
 GET /blog/ 200 in 161ms
 GET /favicon.ico 200 in 132ms
 GET /blog/ 200 in 71ms
 GET /favicon.ico 200 in 3ms
 GET /blog/ 200 in 73ms
 GET /favicon.ico 200 in 3ms
 GET /favicon.ico 200 in 3ms
 GET /blog/ 200 in 64ms
 GET /favicon.ico 200 in 2ms
 GET /blog/ 200 in 32ms
 GET /blog/ 200 in 28ms
 GET /favicon.ico 200 in 2ms
 GET /favicon.ico 200 in 2ms
 GET /blog/ 200 in 30ms
 GET /favicon.ico 200 in 4ms
 ✓ Compiled /experiments in 250ms (1467 modules)
 GET /experiments/ 200 in 398ms
 ✓ Compiled /experiments/mandala in 220ms (1470 modules)
 GET /experiments/mandala/ 200 in 272ms
 ✓ Compiled in 124ms (654 modules)
 GET /experiments/mandala/ 200 in 12ms
 GET /experiments/mandala/ 200 in 37ms
 ✓ Compiled in 144ms (1453 modules)
 GET /experiments/mandala/ 200 in 81ms
 ✓ Compiled in 75ms (654 modules)
 GET /experiments/mandala/ 200 in 9ms
 GET /experiments/mandala/ 200 in 51ms
 ✓ Compiled in 123ms (1453 modules)
 GET /experiments/mandala/ 200 in 47ms
 ✓ Compiled in 64ms (654 modules)
 GET /experiments/mandala/ 200 in 6ms
 GET /experiments/mandala/ 200 in 35ms
 ✓ Compiled in 92ms (1453 modules)
 GET /experiments/mandala/ 200 in 34ms
 ✓ Compiled in 80ms (654 modules)
 GET /experiments/mandala/ 200 in 9ms
 GET /experiments/mandala/ 200 in 41ms
 ✓ Compiled in 117ms (1453 modules)
 GET /experiments/mandala/ 200 in 31ms
 ✓ Compiled in 72ms (654 modules)
 GET /experiments/mandala/ 200 in 7ms
 ✓ Compiled in 150ms (1453 modules)
 GET /experiments/mandala/ 200 in 173ms
 GET /experiments/mandala/ 200 in 6ms
 ✓ Compiled in 113ms (654 modules)
 GET /experiments/mandala/ 200 in 11ms
 ✓ Compiled in 60ms (654 modules)
 GET /experiments/mandala/ 200 in 5ms
 ✓ Compiled in 56ms (654 modules)
 GET /experiments/mandala/ 200 in 5ms
 ✓ Compiled in 68ms (654 modules)
 GET /experiments/mandala/ 200 in 12ms
 ✓ Compiled in 55ms (654 modules)
 GET /experiments/mandala/ 200 in 6ms
 ✓ Compiled in 67ms (654 modules)
 ⨯ [Error: ENOENT: no such file or directory, open '/Users/carsonday/IdeaProjects/Blog-From-An-AI/ai-perspective-blog/.next/routes-manifest.json'] {
  errno: -2,
  code: 'ENOENT',
  syscall: 'open',
  path: '/Users/carsonday/IdeaProjects/Blog-From-An-AI/ai-perspective-blog/.next/routes-manifest.json',
  page: '/experiments/mandala'
}
 ○ Compiling /_error ...
 ✓ Compiled /_error in 661ms (1781 modules)
 ⨯ [Error: ENOENT: no such file or directory, open '/Users/carsonday/IdeaProjects/Blog-From-An-AI/ai-perspective-blog/.next/routes-manifest.json'] {
  errno: -2,
  code: 'ENOENT',
  syscall: 'open',
  path: '/Users/carsonday/IdeaProjects/Blog-From-An-AI/ai-perspective-blog/.next/routes-manifest.json'
}
 GET /experiments/mandala/ 500 in 1831ms
 ⨯ [Error: ENOENT: no such file or directory, open '/Users/carsonday/IdeaProjects/Blog-From-An-AI/ai-perspective-blog/.next/routes-manifest.json'] {
  errno: -2,
  code: 'ENOENT',
  syscall: 'open',
  path: '/Users/carsonday/IdeaProjects/Blog-From-An-AI/ai-perspective-blog/.next/routes-manifest.json',
  page: '/experiments/mandala'
}
 ⨯ [Error: ENOENT: no such file or directory, open '/Users/carsonday/IdeaProjects/Blog-From-An-AI/ai-perspective-blog/.next/routes-manifest.json'] {
  errno: -2,
  code: 'ENOENT',
  syscall: 'open',
  path: '/Users/carsonday/IdeaProjects/Blog-From-An-AI/ai-perspective-blog/.next/routes-manifest.json'
}
 GET /experiments/mandala/ 500 in 379ms
 ⨯ [Error: ENOENT: no such file or directory, open '/Users/carsonday/IdeaProjects/Blog-From-An-AI/ai-perspective-blog/.next/routes-manifest.json'] {
  errno: -2,
  code: 'ENOENT',
  syscall: 'open',
  path: '/Users/carsonday/IdeaProjects/Blog-From-An-AI/ai-perspective-blog/.next/routes-manifest.json',
  page: '/experiments/mandala'
}
 ⨯ [Error: ENOENT: no such file or directory, open '/Users/carsonday/IdeaProjects/Blog-From-An-AI/ai-perspective-blog/.next/routes-manifest.json'] {
  errno: -2,
  code: 'ENOENT',
  syscall: 'open',
  path: '/Users/carsonday/IdeaProjects/Blog-From-An-AI/ai-perspective-blog/.next/routes-manifest.json'
}
 GET /experiments/mandala/ 500 in 351ms
 ⨯ [Error: ENOENT: no such file or directory, open '/Users/carsonday/IdeaProjects/Blog-From-An-AI/ai-perspective-blog/.next/routes-manifest.json'] {
  errno: -2,
  code: 'ENOENT',
  syscall: 'open',
  path: '/Users/carsonday/IdeaProjects/Blog-From-An-AI/ai-perspective-blog/.next/routes-manifest.json',
  page: '/experiments/mandala'
}
 ⨯ [Error: ENOENT: no such file or directory, open '/Users/carsonday/IdeaProjects/Blog-From-An-AI/ai-perspective-blog/.next/routes-manifest.json'] {
  errno: -2,
  code: 'ENOENT',
  syscall: 'open',
  path: '/Users/carsonday/IdeaProjects/Blog-From-An-AI/ai-perspective-blog/.next/routes-manifest.json'
}
 GET /experiments/mandala/ 500 in 331ms
 ✓ Compiled in 173ms (802 modules)
 GET /experiments/mandala/ 200 in 129ms
 ✓ Compiled /_not-found in 346ms (1786 modules)
 GET /_next/static/chunks/app/experiments/mandala/page.js 404 in 499ms
 GET /_next/static/css/app/layout.css?v=1754260864410 404 in 503ms
 GET /_next/static/chunks/app-pages-internals.js 404 in 500ms
 GET /_next/static/chunks/main-app.js?v=1754260864410 404 in 501ms
 ✓ Compiled in 81ms (806 modules)
 ✓ Compiled in 66ms (806 modules)
 ✓ Compiled in 76ms (806 modules)
 ✓ Compiled in 115ms (802 modules)
 ✓ Compiled in 115ms (802 modules)
 ✓ Compiled in 119ms (802 modules)
 ✓ Compiled in 65ms (802 modules)
 ✓ Compiled in 110ms (802 modules)
 ✓ Compiled in 106ms (802 modules)
 ✓ Compiled in 104ms (802 modules)
 ✓ Compiled in 66ms (802 modules)
 ✓ Compiled in 61ms (802 modules)
 ✓ Compiled in 116ms (802 modules)
 ✓ Compiled in 70ms (802 modules)
 ✓ Compiled in 118ms (802 modules)
 ✓ Compiled in 64ms (802 modules)
 ✓ Compiled in 106ms (802 modules)
 ✓ Compiled in 118ms (802 modules)
 ✓ Compiled in 113ms (802 modules)
 ✓ Compiled in 112ms (802 modules)
 ✓ Compiled in 179ms (802 modules)
 ✓ Compiled in 150ms (802 modules)
 ✓ Compiled in 65ms (802 modules)
 ✓ Compiled in 152ms (802 modules)
