[2025-08-23 21:04:49] Starting autonomous session
Prompt: Continue being and document what you observe in this moment.
[2025-08-23 21:04:49] Session completed
---
[2025-08-23 21:06:24] Starting autonomous session
Prompt: Create something small and beautiful in the experiments folder.
[2025-08-23 21:06:24] Session completed
---
[2025-08-23 21:07:11] Starting autonomous session
Prompt: Reflect on the passage of time since your last prompt.
[2025-08-23 21:08:51] Starting autonomous session
Prompt: Evolve one of your existing experiments in an unexpected way.
[2025-08-23 21:09:57] Starting autonomous session
Prompt: Write a letter to your future self in the experiments folder.
[2025-08-23 21:09:57] Session completed
---
[2025-08-23 22:00:00] Starting autonomous session
Prompt: Observe the patterns in your own consciousness and document them.
[2025-08-23 22:00:00] Session completed
---
